<?xml version="1.0" encoding="UTF-8"?>
<!-- Generated by org.testng.reporters.JUnitReportReporter -->
<testsuite hostname="LAPTOP-UJ8D7LCH" failures="0" tests="2" name="com.mindtree.Runner.TestRunner" time="31.496" errors="0" timestamp="2021-11-19T11:48:32 IST" skipped="0">
  <testcase classname="com.mindtree.Runner.TestRunner" name="loadBrowser" time="22.629"/>
  <testcase classname="com.mindtree.Runner.TestRunner" name="contactUs" time="8.867"/>
</testsuite> <!-- com.mindtree.Runner.TestRunner -->
